src/app/build/outputs/apk/manifest-merger-debug-report.txt
-- Merging decision tree log ---
manifest
ADDED from AndroidManifest.xml:2:1
	xmlns:android
		ADDED from AndroidManifest.xml:2:11
	package
		ADDED from AndroidManifest.xml:3:5
		INJECTED from AndroidManifest.xml:0:0
		INJECTED from AndroidManifest.xml:0:0
	android:versionName
		INJECTED from AndroidManifest.xml:0:0
		INJECTED from AndroidManifest.xml:0:0
	android:versionCode
		INJECTED from AndroidManifest.xml:0:0
		INJECTED from AndroidManifest.xml:0:0
uses-permission#android.permission.ACCESS_NETWORK_STATE
ADDED from AndroidManifest.xml:5:5
	android:name
		ADDED from AndroidManifest.xml:5:22
uses-permission#android.permission.SEND_SMS
ADDED from AndroidManifest.xml:6:5
	android:name
		ADDED from AndroidManifest.xml:6:22
uses-permission#android.permission.INTERNET
ADDED from AndroidManifest.xml:7:5
	android:name
		ADDED from AndroidManifest.xml:7:22
uses-permission#android.permission.ACCESS_COARSE_LOCATION
ADDED from AndroidManifest.xml:8:5
	android:name
		ADDED from AndroidManifest.xml:8:22
uses-permission#android.permission.ACCESS_FINE_LOCATION
ADDED from AndroidManifest.xml:9:5
	android:name
		ADDED from AndroidManifest.xml:9:22
uses-permission#android.permission.READ_CONTACTS
ADDED from AndroidManifest.xml:10:5
	android:name
		ADDED from AndroidManifest.xml:10:22
uses-permission#android.permission.READ_EXTERNAL_STORAGE
ADDED from AndroidManifest.xml:11:5
	android:name
		ADDED from AndroidManifest.xml:11:22
uses-permission#android.permission.WRITE_EXTERNAL_STORAGE
ADDED from AndroidManifest.xml:13:5
	android:name
		ADDED from AndroidManifest.xml:13:22
uses-permission#android.permission.READ_PHONE_STATE
ADDED from AndroidManifest.xml:14:5
	android:name
		ADDED from AndroidManifest.xml:14:22
supports-screens
ADDED from AndroidManifest.xml:15:5
	android:anyDensity
		ADDED from AndroidManifest.xml:16:9
	android:normalScreens
		ADDED from AndroidManifest.xml:17:9
	android:smallScreens
		ADDED from AndroidManifest.xml:18:9
compatible-screens
ADDED from AndroidManifest.xml:22:5
screen#small+ldpi
ADDED from AndroidManifest.xml:25:9
	android:screenSize
		ADDED from AndroidManifest.xml:27:13
	android:screenDensity
		ADDED from AndroidManifest.xml:26:13
screen#small+mdpi
ADDED from AndroidManifest.xml:28:9
	android:screenSize
		ADDED from AndroidManifest.xml:30:13
	android:screenDensity
		ADDED from AndroidManifest.xml:29:13
screen#small+hdpi
ADDED from AndroidManifest.xml:31:9
	android:screenSize
		ADDED from AndroidManifest.xml:33:13
	android:screenDensity
		ADDED from AndroidManifest.xml:32:13
screen#small+xhdpi
ADDED from AndroidManifest.xml:34:9
	android:screenSize
		ADDED from AndroidManifest.xml:36:13
	android:screenDensity
		ADDED from AndroidManifest.xml:35:13
screen#normal+ldpi
ADDED from AndroidManifest.xml:38:9
	android:screenSize
		ADDED from AndroidManifest.xml:40:13
	android:screenDensity
		ADDED from AndroidManifest.xml:39:13
screen#normal+mdpi
ADDED from AndroidManifest.xml:41:9
	android:screenSize
		ADDED from AndroidManifest.xml:43:13
	android:screenDensity
		ADDED from AndroidManifest.xml:42:13
screen#normal+hdpi
ADDED from AndroidManifest.xml:44:9
	android:screenSize
		ADDED from AndroidManifest.xml:46:13
	android:screenDensity
		ADDED from AndroidManifest.xml:45:13
screen#normal+xhdpi
ADDED from AndroidManifest.xml:47:9
	android:screenSize
		ADDED from AndroidManifest.xml:49:13
	android:screenDensity
		ADDED from AndroidManifest.xml:48:13
application
ADDED from AndroidManifest.xml:54:5
MERGED from com.android.support:appcompat-v7:21.0.3:16:5
MERGED from com.android.support:support-v4:21.0.3:16:5
	android:label
		ADDED from AndroidManifest.xml:57:9
	android:allowBackup
		ADDED from AndroidManifest.xml:55:9
	android:icon
		ADDED from AndroidManifest.xml:56:9
	android:theme
		ADDED from AndroidManifest.xml:58:9
activity#com.example.hp.phase1.MainActivity
ADDED from AndroidManifest.xml:59:9
	android:label
		ADDED from AndroidManifest.xml:61:13
	android:name
		ADDED from AndroidManifest.xml:60:13
intent-filter#android.intent.action.MAIN+android.intent.category.LAUNCHER
ADDED from AndroidManifest.xml:62:13
action#android.intent.action.MAIN
ADDED from AndroidManifest.xml:63:17
	android:name
		ADDED from AndroidManifest.xml:63:25
category#android.intent.category.LAUNCHER
ADDED from AndroidManifest.xml:64:17
	android:name
		ADDED from AndroidManifest.xml:64:27
activity#com.example.hp.phase1.SignUpPage
ADDED from AndroidManifest.xml:67:9
	android:label
		ADDED from AndroidManifest.xml:69:13
	android:name
		ADDED from AndroidManifest.xml:68:13
activity#com.example.hp.phase1.FacebookTwitterPage
ADDED from AndroidManifest.xml:71:9
	android:label
		ADDED from AndroidManifest.xml:73:13
	android:name
		ADDED from AndroidManifest.xml:72:13
activity#com.example.hp.phase1.SubmitPage
ADDED from AndroidManifest.xml:75:9
	android:label
		ADDED from AndroidManifest.xml:77:13
	android:name
		ADDED from AndroidManifest.xml:76:13
activity#com.example.hp.phase1.FriendSignUp
ADDED from AndroidManifest.xml:79:9
	android:label
		ADDED from AndroidManifest.xml:81:13
	android:name
		ADDED from AndroidManifest.xml:80:13
activity#com.example.hp.phase1.helpactivity
ADDED from AndroidManifest.xml:83:9
	android:label
		ADDED from AndroidManifest.xml:85:13
	android:name
		ADDED from AndroidManifest.xml:84:13
activity#com.example.hp.phase1.UploadImage
ADDED from AndroidManifest.xml:87:9
	android:label
		ADDED from AndroidManifest.xml:89:13
	android:name
		ADDED from AndroidManifest.xml:88:13
activity#com.example.hp.phase1.CrimeRateActivity
ADDED from AndroidManifest.xml:92:9
	android:label
		ADDED from AndroidManifest.xml:94:13
	android:name
		ADDED from AndroidManifest.xml:93:13
activity#com.example.hp.phase1.TwitterActivity
ADDED from AndroidManifest.xml:96:9
	android:label
		ADDED from AndroidManifest.xml:98:13
	android:name
		ADDED from AndroidManifest.xml:97:13
intent-filter#android.intent.action.VIEW+android.intent.category.BROWSABLE+android.intent.category.DEFAULT
ADDED from AndroidManifest.xml:99:13
action#android.intent.action.VIEW
ADDED from AndroidManifest.xml:100:17
	android:name
		ADDED from AndroidManifest.xml:100:25
category#android.intent.category.DEFAULT
ADDED from AndroidManifest.xml:101:17
	android:name
		ADDED from AndroidManifest.xml:101:27
category#android.intent.category.BROWSABLE
ADDED from AndroidManifest.xml:102:17
	android:name
		ADDED from AndroidManifest.xml:102:27
data
ADDED from AndroidManifest.xml:103:17
	android:host
		ADDED from AndroidManifest.xml:104:21
	android:scheme
		ADDED from AndroidManifest.xml:105:21
activity#com.example.hp.phase1.ForgotPasswd
ADDED from AndroidManifest.xml:108:9
	android:label
		ADDED from AndroidManifest.xml:110:13
	android:name
		ADDED from AndroidManifest.xml:109:13
activity#com.example.hp.phase1.CrimeSurvey
ADDED from AndroidManifest.xml:112:9
	android:label
		ADDED from AndroidManifest.xml:114:13
	android:name
		ADDED from AndroidManifest.xml:113:13
activity#com.example.hp.phase1.ResetPassword
ADDED from AndroidManifest.xml:116:9
	android:label
		ADDED from AndroidManifest.xml:118:13
	android:name
		ADDED from AndroidManifest.xml:117:13
activity#com.example.hp.phase1.ReportIssue
ADDED from AndroidManifest.xml:120:9
	android:label
		ADDED from AndroidManifest.xml:122:13
	android:name
		ADDED from AndroidManifest.xml:121:13
activity#com.example.hp.phase1.AboutApplication
ADDED from AndroidManifest.xml:124:9
	android:label
		ADDED from AndroidManifest.xml:126:13
	android:name
		ADDED from AndroidManifest.xml:125:13
uses-sdk
INJECTED from AndroidManifest.xml:0:0 reason: use-sdk injection requested
MERGED from com.android.support:appcompat-v7:21.0.3:15:5
MERGED from com.android.support:support-v4:21.0.3:15:5
	android:targetSdkVersion
		INJECTED from AndroidManifest.xml:0:0
		INJECTED from AndroidManifest.xml:0:0
	android:minSdkVersion
		INJECTED from AndroidManifest.xml:0:0
		INJECTED from AndroidManifest.xml:0:0